{
  "RSpec": {
    "coverage": {
      "/Users/renecasco/turing/2module/projects/little_shop/spec/features/any_user_can_see_index_page_spec.rb": [
        1,
        null,
        1,
        1,
        1,
        null,
        1,
        null,
        null,
        null
      ],
      "/Users/renecasco/turing/2module/projects/little_shop/spec/features/cart_show_page_spec.rb": [
        1,
        null,
        1,
        1,
        1,
        1,
        1,
        1,
        1,
        1,
        1,
        1,
        1,
        null,
        1,
        null,
        null,
        null,
        1,
        1,
        null,
        1,
        1,
        null,
        1,
        1,
        1,
        1,
        null,
        null,
        1,
        1,
        null,
        1,
        1,
        1,
        1,
        null,
        null,
        1,
        null,
        null
      ],
      "/Users/renecasco/turing/2module/projects/little_shop/spec/features/user_can_register_spec.rb": [
        1,
        null,
        1,
        null,
        1,
        1,
        null,
        1,
        null,
        1,
        1,
        1,
        1,
        1,
        1,
        1,
        1,
        1,
        1,
        null,
        1,
        1,
        1,
        null,
        null,
        1,
        1,
        null,
        1,
        null,
        1,
        1,
        1,
        1,
        1,
        1,
        1,
        1,
        null,
        1,
        1,
        1,
        null,
        null,
        1,
        1,
        1,
        null,
        1,
        null,
        1,
        1,
        1,
        1,
        1,
        1,
        1,
        1,
        1,
        null,
        1,
        1,
        1,
        null,
        null
      ],
      "/Users/renecasco/turing/2module/projects/little_shop/spec/features/user_cart_spec.rb": [
        1,
        null,
        1,
        1,
        1,
        1,
        1,
        1,
        null,
        1,
        null,
        1,
        null,
        null,
        1,
        1,
        1,
        null,
        null,
        null,
        1,
        1,
        1,
        1,
        1,
        null,
        1,
        null,
        null,
        1,
        null,
        1,
        null,
        null,
        1,
        1,
        1,
        null,
        null,
        null,
        1,
        1,
        1,
        1,
        1,
        null,
        1,
        null,
        1,
        1,
        null,
        null,
        null,
        1,
        1,
        1,
        1,
        1,
        null,
        1,
        null,
        1,
        1,
        null,
        null,
        null,
        null
      ],
      "/Users/renecasco/turing/2module/projects/little_shop/spec/features/user_profile_spec.rb": [
        1,
        null,
        1,
        1,
        1,
        null,
        1,
        null,
        1,
        null,
        1,
        1,
        1,
        1,
        1,
        1,
        1,
        1,
        null,
        null,
        1,
        1,
        null,
        1,
        null,
        1,
        null,
        1,
        1,
        null,
        1,
        null,
        1,
        null,
        1,
        null,
        1,
        1,
        1,
        1,
        1,
        1,
        null,
        1,
        1,
        null,
        1,
        null,
        null,
        1,
        1,
        1,
        1,
        1,
        null,
        1,
        null,
        1,
        1,
        1,
        1,
        1,
        null,
        1,
        1,
        null,
        1,
        1,
        null,
        1,
        1,
        null,
        1,
        null,
        1,
        1,
        null,
        null,
        1,
        1,
        1,
        null,
        1,
        null,
        1,
        null,
        1,
        1,
        null,
        1,
        1,
        null,
        1,
        null,
        1,
        null,
        1,
        1,
        null,
        null
      ],
      "/Users/renecasco/turing/2module/projects/little_shop/spec/features/visitor_navigation_bar_spec.rb": [
        1,
        null,
        1,
        null,
        1,
        1,
        1,
        1,
        null,
        1,
        1,
        1,
        null,
        1,
        1,
        1,
        null,
        1,
        1,
        null,
        1,
        1,
        null,
        null,
        1,
        1,
        1,
        null,
        1,
        1,
        1,
        null,
        null,
        1,
        1,
        1,
        1,
        1,
        1,
        1,
        1,
        1,
        1,
        null,
        null,
        1,
        1,
        1,
        null,
        1,
        null,
        1,
        1,
        1,
        1,
        1,
        1,
        1,
        1,
        1,
        null,
        null,
        null,
        1,
        1,
        null,
        1,
        1,
        null,
        1,
        1,
        1,
        1,
        null,
        null,
        null,
        1,
        1,
        1,
        1,
        null,
        1,
        1,
        1,
        1,
        1,
        1,
        1,
        1,
        null,
        1,
        1,
        null,
        1,
        1,
        null,
        1,
        1,
        null,
        1,
        1,
        1,
        1,
        null,
        null,
        null,
        1,
        1,
        1,
        1,
        null,
        1,
        1,
        1,
        1,
        1,
        1,
        1,
        1,
        1,
        null,
        1,
        1,
        null,
        1,
        1,
        1,
        1,
        null,
        null,
        null,
        null,
        null
      ],
      "/Users/renecasco/turing/2module/projects/little_shop/spec/models/cart_spec.rb": [
        1,
        null,
        1,
        1,
        null,
        null,
        null,
        1,
        1,
        1,
        1,
        null,
        null,
        null,
        1,
        null,
        null,
        null,
        1,
        1,
        1,
        null,
        null,
        null,
        1,
        1,
        null,
        null,
        null,
        1,
        1,
        1,
        1,
        1,
        1,
        null,
        null,
        null,
        null,
        1,
        null,
        null,
        null,
        1,
        1,
        1,
        1,
        1,
        1,
        null,
        null,
        null,
        null,
        1,
        null,
        null,
        null,
        1,
        1,
        1,
        1,
        1,
        1,
        null,
        null,
        null,
        null,
        1,
        null,
        null,
        null,
        null
      ],
      "/Users/renecasco/turing/2module/projects/little_shop/app/models/cart.rb": [
        1,
        1,
        null,
        1,
        134,
        null,
        null,
        1,
        83,
        null,
        null,
        1,
        6,
        1,
        null,
        6,
        null,
        null,
        1,
        13,
        35,
        13,
        null,
        null,
        1,
        7,
        null,
        null,
        1,
        7,
        null,
        null
      ],
      "/Users/renecasco/turing/2module/projects/little_shop/spec/models/item_spec.rb": [
        1,
        null,
        1,
        null,
        1,
        null,
        null,
        1,
        2,
        null,
        null
      ],
      "/Users/renecasco/turing/2module/projects/little_shop/app/models/item.rb": [
        1,
        1,
        1,
        1,
        null
      ],
      "/Users/renecasco/turing/2module/projects/little_shop/spec/models/order_item_spec.rb": [
        1,
        null,
        1,
        null,
        1,
        2,
        2,
        2,
        2,
        2,
        null,
        null,
        1,
        2,
        2,
        null,
        null
      ],
      "/Users/renecasco/turing/2module/projects/little_shop/app/models/order_item.rb": [
        1,
        1,
        1,
        null,
        1,
        1,
        1,
        1,
        1,
        null
      ],
      "/Users/renecasco/turing/2module/projects/little_shop/spec/models/order_spec.rb": [
        1,
        null,
        1,
        null,
        1,
        null,
        null,
        1,
        2,
        null,
        null
      ],
      "/Users/renecasco/turing/2module/projects/little_shop/spec/models/user_spec.rb": [
        1,
        null,
        1,
        null,
        1,
        2,
        2,
        2,
        2,
        2,
        2,
        2,
        2,
        null,
        null,
        1,
        2,
        2,
        null,
        null
      ],
      "/Users/renecasco/turing/2module/projects/little_shop/app/controllers/welcome_controller.rb": [
        1,
        1,
        null,
        null,
        null
      ],
      "/Users/renecasco/turing/2module/projects/little_shop/app/controllers/application_controller.rb": [
        1,
        1,
        1,
        null,
        1,
        null,
        1,
        812,
        null,
        null,
        1,
        129,
        null,
        null,
        1,
        204,
        null,
        null,
        1,
        185,
        null,
        null,
        1,
        110,
        null,
        null,
        1,
        8,
        null,
        null,
        1,
        129,
        null,
        null
      ],
      "/Users/renecasco/turing/2module/projects/little_shop/app/controllers/sessions_controller.rb": [
        1,
        null,
        1,
        15,
        3,
        3,
        null,
        null,
        null,
        1,
        11,
        0,
        0,
        null,
        11,
        11,
        10,
        10,
        10,
        null,
        1,
        1,
        null,
        null,
        null,
        null,
        1,
        5,
        5,
        5,
        null,
        null,
        1,
        null,
        1,
        13,
        3,
        10,
        3,
        7,
        7,
        null,
        null,
        null
      ],
      "/Users/renecasco/turing/2module/projects/little_shop/app/controllers/users_controller.rb": [
        1,
        null,
        1,
        5,
        null,
        null,
        1,
        3,
        null,
        3,
        1,
        1,
        1,
        null,
        2,
        1,
        1,
        null,
        1,
        1,
        null,
        null,
        null,
        null,
        1,
        3,
        null,
        null,
        1,
        3,
        3,
        2,
        2,
        1,
        1,
        null,
        3,
        2,
        null,
        1,
        1,
        null,
        null,
        null,
        1,
        16,
        null,
        null,
        1,
        7,
        null,
        1,
        1,
        3,
        null,
        null,
        1,
        7,
        null,
        null,
        null
      ],
      "/Users/renecasco/turing/2module/projects/little_shop/app/controllers/items_controller.rb": [
        1,
        null,
        1,
        null,
        null,
        1,
        7,
        null,
        null
      ],
      "/Users/renecasco/turing/2module/projects/little_shop/app/controllers/carts_controller.rb": [
        1,
        null,
        1,
        5,
        5,
        5,
        5,
        5,
        5,
        5,
        null,
        null,
        1,
        2,
        null,
        null,
        null
      ],
      "/Users/renecasco/turing/2module/projects/little_shop/app/controllers/merchants_controller.rb": [
        1,
        1,
        null,
        null,
        null,
        null
      ],
      "/Users/renecasco/turing/2module/projects/little_shop/app/controllers/users/orders_controller.rb": [
        1,
        1,
        3,
        2,
        null,
        null,
        null
      ],
      "/Users/renecasco/turing/2module/projects/little_shop/app/controllers/admin/users_controller.rb": [
        1,
        1,
        null,
        1,
        null,
        null,
        null,
        1,
        null,
        null,
        null
      ]
    },
    "timestamp": 1550387521
  }
}
